# JRE version: OpenJDK Runtime Environment (8.0_151-b12) (build 1.8.0_151-8u151-b12-0ubuntu0.16.04.2-b12)
# Java VM: OpenJDK 64-Bit Server VM (25.151-b12 mixed mode linux-amd64 compressed oops)
Heap:
 PSYoungGen      total 133120K, used 882K [0x00000000ebf80000, 0x00000000f4780000, 0x0000000100000000)
  eden space 126976K, 0% used [0x00000000ebf80000,0x00000000ebf80000,0x00000000f3b80000)
  from space 6144K, 14% used [0x00000000f3b80000,0x00000000f3c5c820,0x00000000f4180000)
  to   space 5632K, 0% used [0x00000000f4200000,0x00000000f4200000,0x00000000f4780000)
 ParOldGen       total 42496K, used 7105K [0x00000000c3e00000, 0x00000000c6780000, 0x00000000ebf80000)
  object space 42496K, 16% used [0x00000000c3e00000,0x00000000c44f05c0,0x00000000c6780000)
 Metaspace       used 9769K, capacity 9972K, committed 10112K, reserved 1058816K
  class space    used 1056K, capacity 1133K, committed 1152K, reserved 1048576K
GC Heap History (10 events):
Event: 0,335 GC heap after
Heap after GC invocations=2 (full 0):
 PSYoungGen      total 34304K, used 2528K [0x00000000ebf80000, 0x00000000ee380000, 0x0000000100000000)
  eden space 31744K, 0% used [0x00000000ebf80000,0x00000000ebf80000,0x00000000ede80000)
  from space 2560K, 98% used [0x00000000ee100000,0x00000000ee378020,0x00000000ee380000)
  to   space 2560K, 0% used [0x00000000ede80000,0x00000000ede80000,0x00000000ee100000)
 ParOldGen       total 42496K, used 4256K [0x00000000c3e00000, 0x00000000c6780000, 0x00000000ebf80000)
  object space 42496K, 10% used [0x00000000c3e00000,0x00000000c4228000,0x00000000c6780000)
 Metaspace       used 4016K, capacity 4686K, committed 4864K, reserved 1056768K
  class space    used 432K, capacity 487K, committed 512K, reserved 1048576K
}
Event: 1,680 GC heap before
{Heap before GC invocations=3 (full 0):
 PSYoungGen      total 34304K, used 34272K [0x00000000ebf80000, 0x00000000ee380000, 0x0000000100000000)
  eden space 31744K, 100% used [0x00000000ebf80000,0x00000000ede80000,0x00000000ede80000)
  from space 2560K, 98% used [0x00000000ee100000,0x00000000ee378020,0x00000000ee380000)
  to   space 2560K, 0% used [0x00000000ede80000,0x00000000ede80000,0x00000000ee100000)
 ParOldGen       total 42496K, used 4256K [0x00000000c3e00000, 0x00000000c6780000, 0x00000000ebf80000)
  object space 42496K, 10% used [0x00000000c3e00000,0x00000000c4228000,0x00000000c6780000)
 Metaspace       used 9577K, capacity 9780K, committed 9856K, reserved 1058816K
  class space    used 1055K, capacity 1133K, committed 1152K, reserved 1048576K
Event: 1,689 GC heap after
Heap after GC invocations=3 (full 0):
 PSYoungGen      total 34304K, used 2544K [0x00000000ebf80000, 0x00000000f0280000, 0x0000000100000000)
  eden space 31744K, 0% used [0x00000000ebf80000,0x00000000ebf80000,0x00000000ede80000)
  from space 2560K, 99% used [0x00000000ede80000,0x00000000ee0fc010,0x00000000ee100000)
  to   space 2560K, 0% used [0x00000000f0000000,0x00000000f0000000,0x00000000f0280000)
 ParOldGen       total 42496K, used 5282K [0x00000000c3e00000, 0x00000000c6780000, 0x00000000ebf80000)
  object space 42496K, 12% used [0x00000000c3e00000,0x00000000c4328bd0,0x00000000c6780000)
 Metaspace       used 9577K, capacity 9780K, committed 9856K, reserved 1058816K
  class space    used 1055K, capacity 1133K, committed 1152K, reserved 1048576K
}
Event: 3,060 GC heap before
{Heap before GC invocations=4 (full 0):
 PSYoungGen      total 34304K, used 34288K [0x00000000ebf80000, 0x00000000f0280000, 0x0000000100000000)
  eden space 31744K, 100% used [0x00000000ebf80000,0x00000000ede80000,0x00000000ede80000)
  from space 2560K, 99% used [0x00000000ede80000,0x00000000ee0fc010,0x00000000ee100000)
  to   space 2560K, 0% used [0x00000000f0000000,0x00000000f0000000,0x00000000f0280000)
 ParOldGen       total 42496K, used 5282K [0x00000000c3e00000, 0x00000000c6780000, 0x00000000ebf80000)
  object space 42496K, 12% used [0x00000000c3e00000,0x00000000c4328bd0,0x00000000c6780000)
 Metaspace       used 9714K, capacity 9908K, committed 10112K, reserved 1058816K
  class space    used 1055K, capacity 1133K, committed 1152K, reserved 1048576K
Event: 3,074 GC heap after
Heap after GC invocations=4 (full 0):
 PSYoungGen      total 66048K, used 2528K [0x00000000ebf80000, 0x00000000f0280000, 0x0000000100000000)
  eden space 63488K, 0% used [0x00000000ebf80000,0x00000000ebf80000,0x00000000efd80000)
  from space 2560K, 98% used [0x00000000f0000000,0x00000000f0278020,0x00000000f0280000)
  to   space 2560K, 0% used [0x00000000efd80000,0x00000000efd80000,0x00000000f0000000)
 ParOldGen       total 42496K, used 5369K [0x00000000c3e00000, 0x00000000c6780000, 0x00000000ebf80000)
  object space 42496K, 12% used [0x00000000c3e00000,0x00000000c433e570,0x00000000c6780000)
 Metaspace       used 9714K, capacity 9908K, committed 10112K, reserved 1058816K
  class space    used 1055K, capacity 1133K, committed 1152K, reserved 1048576K
}
Event: 6,140 GC heap before
{Heap before GC invocations=5 (full 0):
 PSYoungGen      total 66048K, used 66016K [0x00000000ebf80000, 0x00000000f0280000, 0x0000000100000000)
  eden space 63488K, 100% used [0x00000000ebf80000,0x00000000efd80000,0x00000000efd80000)
  from space 2560K, 98% used [0x00000000f0000000,0x00000000f0278020,0x00000000f0280000)
  to   space 2560K, 0% used [0x00000000efd80000,0x00000000efd80000,0x00000000f0000000)
 ParOldGen       total 42496K, used 5369K [0x00000000c3e00000, 0x00000000c6780000, 0x00000000ebf80000)
  object space 42496K, 12% used [0x00000000c3e00000,0x00000000c433e570,0x00000000c6780000)
 Metaspace       used 9757K, capacity 9972K, committed 10112K, reserved 1058816K
  class space    used 1055K, capacity 1133K, committed 1152K, reserved 1048576K
Event: 6,151 GC heap after
Heap after GC invocations=5 (full 0):
 PSYoungGen      total 66048K, used 2528K [0x00000000ebf80000, 0x00000000f4880000, 0x0000000100000000)
  eden space 63488K, 0% used [0x00000000ebf80000,0x00000000ebf80000,0x00000000efd80000)
  from space 2560K, 98% used [0x00000000efd80000,0x00000000efff8000,0x00000000f0000000)
  to   space 6656K, 0% used [0x00000000f4200000,0x00000000f4200000,0x00000000f4880000)
 ParOldGen       total 42496K, used 5377K [0x00000000c3e00000, 0x00000000c6780000, 0x00000000ebf80000)
  object space 42496K, 12% used [0x00000000c3e00000,0x00000000c4340570,0x00000000c6780000)
 Metaspace       used 9757K, capacity 9972K, committed 10112K, reserved 1058816K
  class space    used 1055K, capacity 1133K, committed 1152K, reserved 1048576K
}
Event: 10,092 GC heap before
{Heap before GC invocations=6 (full 0):
 PSYoungGen      total 66048K, used 66016K [0x00000000ebf80000, 0x00000000f4880000, 0x0000000100000000)
  eden space 63488K, 100% used [0x00000000ebf80000,0x00000000efd80000,0x00000000efd80000)
  from space 2560K, 98% used [0x00000000efd80000,0x00000000efff8000,0x00000000f0000000)
  to   space 6656K, 0% used [0x00000000f4200000,0x00000000f4200000,0x00000000f4880000)
 ParOldGen       total 42496K, used 5377K [0x00000000c3e00000, 0x00000000c6780000, 0x00000000ebf80000)
  object space 42496K, 12% used [0x00000000c3e00000,0x00000000c4340570,0x00000000c6780000)
 Metaspace       used 9759K, capacity 9972K, committed 10112K, reserved 1058816K
  class space    used 1055K, capacity 1133K, committed 1152K, reserved 1048576K
Event: 10,112 GC heap after
Heap after GC invocations=6 (full 0):
 PSYoungGen      total 132608K, used 2544K [0x00000000ebf80000, 0x00000000f4780000, 0x0000000100000000)
  eden space 126976K, 0% used [0x00000000ebf80000,0x00000000ebf80000,0x00000000f3b80000)
  from space 5632K, 45% used [0x00000000f4200000,0x00000000f447c010,0x00000000f4780000)
  to   space 6144K, 0% used [0x00000000f3b80000,0x00000000f3b80000,0x00000000f4180000)
 ParOldGen       total 42496K, used 5385K [0x00000000c3e00000, 0x00000000c6780000, 0x00000000ebf80000)
  object space 42496K, 12% used [0x00000000c3e00000,0x00000000c4342570,0x00000000c6780000)
 Metaspace       used 9759K, capacity 9972K, committed 10112K, reserved 1058816K
  class space    used 1055K, capacity 1133K, committed 1152K, reserved 1048576K
}
Event: 21,554 GC heap before
{Heap before GC invocations=7 (full 0):
 PSYoungGen      total 132608K, used 129520K [0x00000000ebf80000, 0x00000000f4780000, 0x0000000100000000)
  eden space 126976K, 100% used [0x00000000ebf80000,0x00000000f3b80000,0x00000000f3b80000)
  from space 5632K, 45% used [0x00000000f4200000,0x00000000f447c010,0x00000000f4780000)
  to   space 6144K, 0% used [0x00000000f3b80000,0x00000000f3b80000,0x00000000f4180000)
 ParOldGen       total 42496K, used 5385K [0x00000000c3e00000, 0x00000000c6780000, 0x00000000ebf80000)
  object space 42496K, 12% used [0x00000000c3e00000,0x00000000c4342570,0x00000000c6780000)
 Metaspace       used 9769K, capacity 9972K, committed 10112K, reserved 1058816K
  class space    used 1056K, capacity 1133K, committed 1152K, reserved 1048576K

