# JRE version: OpenJDK Runtime Environment (8.0_151-b12) (build 1.8.0_151-8u151-b12-0ubuntu0.16.04.2-b12)
# Java VM: OpenJDK 64-Bit Server VM (25.151-b12 mixed mode linux-amd64 compressed oops)
Heap:
 PSYoungGen      total 133632K, used 1344K [0x00000000ebf80000, 0x00000000f4880000, 0x0000000100000000)
  eden space 126976K, 0% used [0x00000000ebf80000,0x00000000ebf80000,0x00000000f3b80000)
  from space 6656K, 20% used [0x00000000f3b80000,0x00000000f3cd0000,0x00000000f4200000)
  to   space 6144K, 0% used [0x00000000f4280000,0x00000000f4280000,0x00000000f4880000)
 ParOldGen       total 42496K, used 8904K [0x00000000c3e00000, 0x00000000c6780000, 0x00000000ebf80000)
  object space 42496K, 20% used [0x00000000c3e00000,0x00000000c46b23e8,0x00000000c6780000)
 Metaspace       used 9841K, capacity 10044K, committed 10112K, reserved 1058816K
  class space    used 1061K, capacity 1133K, committed 1152K, reserved 1048576K
GC Heap History (10 events):
Event: 0,302 GC heap after
Heap after GC invocations=2 (full 0):
 PSYoungGen      total 34304K, used 2531K [0x00000000ebf80000, 0x00000000ee380000, 0x0000000100000000)
  eden space 31744K, 0% used [0x00000000ebf80000,0x00000000ebf80000,0x00000000ede80000)
  from space 2560K, 98% used [0x00000000ee100000,0x00000000ee378e40,0x00000000ee380000)
  to   space 2560K, 0% used [0x00000000ede80000,0x00000000ede80000,0x00000000ee100000)
 ParOldGen       total 42496K, used 4968K [0x00000000c3e00000, 0x00000000c6780000, 0x00000000ebf80000)
  object space 42496K, 11% used [0x00000000c3e00000,0x00000000c42da000,0x00000000c6780000)
 Metaspace       used 3698K, capacity 4600K, committed 4864K, reserved 1056768K
  class space    used 391K, capacity 424K, committed 512K, reserved 1048576K
}
Event: 1,512 GC heap before
{Heap before GC invocations=3 (full 0):
 PSYoungGen      total 34304K, used 34275K [0x00000000ebf80000, 0x00000000ee380000, 0x0000000100000000)
  eden space 31744K, 100% used [0x00000000ebf80000,0x00000000ede80000,0x00000000ede80000)
  from space 2560K, 98% used [0x00000000ee100000,0x00000000ee378e40,0x00000000ee380000)
  to   space 2560K, 0% used [0x00000000ede80000,0x00000000ede80000,0x00000000ee100000)
 ParOldGen       total 42496K, used 4968K [0x00000000c3e00000, 0x00000000c6780000, 0x00000000ebf80000)
  object space 42496K, 11% used [0x00000000c3e00000,0x00000000c42da000,0x00000000c6780000)
 Metaspace       used 9631K, capacity 9852K, committed 10112K, reserved 1058816K
  class space    used 1061K, capacity 1133K, committed 1152K, reserved 1048576K
Event: 1,517 GC heap after
Heap after GC invocations=3 (full 0):
 PSYoungGen      total 34304K, used 2551K [0x00000000ebf80000, 0x00000000f0280000, 0x0000000100000000)
  eden space 31744K, 0% used [0x00000000ebf80000,0x00000000ebf80000,0x00000000ede80000)
  from space 2560K, 99% used [0x00000000ede80000,0x00000000ee0fdc70,0x00000000ee100000)
  to   space 2560K, 0% used [0x00000000f0000000,0x00000000f0000000,0x00000000f0280000)
 ParOldGen       total 42496K, used 7585K [0x00000000c3e00000, 0x00000000c6780000, 0x00000000ebf80000)
  object space 42496K, 17% used [0x00000000c3e00000,0x00000000c4568570,0x00000000c6780000)
 Metaspace       used 9631K, capacity 9852K, committed 10112K, reserved 1058816K
  class space    used 1061K, capacity 1133K, committed 1152K, reserved 1048576K
}
Event: 2,947 GC heap before
{Heap before GC invocations=4 (full 0):
 PSYoungGen      total 34304K, used 34295K [0x00000000ebf80000, 0x00000000f0280000, 0x0000000100000000)
  eden space 31744K, 100% used [0x00000000ebf80000,0x00000000ede80000,0x00000000ede80000)
  from space 2560K, 99% used [0x00000000ede80000,0x00000000ee0fdc70,0x00000000ee100000)
  to   space 2560K, 0% used [0x00000000f0000000,0x00000000f0000000,0x00000000f0280000)
 ParOldGen       total 42496K, used 7585K [0x00000000c3e00000, 0x00000000c6780000, 0x00000000ebf80000)
  object space 42496K, 17% used [0x00000000c3e00000,0x00000000c4568570,0x00000000c6780000)
 Metaspace       used 9772K, capacity 9980K, committed 10112K, reserved 1058816K
  class space    used 1061K, capacity 1133K, committed 1152K, reserved 1048576K
Event: 2,957 GC heap after
Heap after GC invocations=4 (full 0):
 PSYoungGen      total 66048K, used 2553K [0x00000000ebf80000, 0x00000000f0280000, 0x0000000100000000)
  eden space 63488K, 0% used [0x00000000ebf80000,0x00000000ebf80000,0x00000000efd80000)
  from space 2560K, 99% used [0x00000000f0000000,0x00000000f027e480,0x00000000f0280000)
  to   space 2560K, 0% used [0x00000000efd80000,0x00000000efd80000,0x00000000f0000000)
 ParOldGen       total 42496K, used 7625K [0x00000000c3e00000, 0x00000000c6780000, 0x00000000ebf80000)
  object space 42496K, 17% used [0x00000000c3e00000,0x00000000c4572570,0x00000000c6780000)
 Metaspace       used 9772K, capacity 9980K, committed 10112K, reserved 1058816K
  class space    used 1061K, capacity 1133K, committed 1152K, reserved 1048576K
}
Event: 5,907 GC heap before
{Heap before GC invocations=5 (full 0):
 PSYoungGen      total 66048K, used 66041K [0x00000000ebf80000, 0x00000000f0280000, 0x0000000100000000)
  eden space 63488K, 100% used [0x00000000ebf80000,0x00000000efd80000,0x00000000efd80000)
  from space 2560K, 99% used [0x00000000f0000000,0x00000000f027e480,0x00000000f0280000)
  to   space 2560K, 0% used [0x00000000efd80000,0x00000000efd80000,0x00000000f0000000)
 ParOldGen       total 42496K, used 7625K [0x00000000c3e00000, 0x00000000c6780000, 0x00000000ebf80000)
  object space 42496K, 17% used [0x00000000c3e00000,0x00000000c4572570,0x00000000c6780000)
 Metaspace       used 9829K, capacity 10044K, committed 10112K, reserved 1058816K
  class space    used 1061K, capacity 1133K, committed 1152K, reserved 1048576K
Event: 5,918 GC heap after
Heap after GC invocations=5 (full 0):
 PSYoungGen      total 66048K, used 2537K [0x00000000ebf80000, 0x00000000f4980000, 0x0000000100000000)
  eden space 63488K, 0% used [0x00000000ebf80000,0x00000000ebf80000,0x00000000efd80000)
  from space 2560K, 99% used [0x00000000efd80000,0x00000000efffa490,0x00000000f0000000)
  to   space 7168K, 0% used [0x00000000f4280000,0x00000000f4280000,0x00000000f4980000)
 ParOldGen       total 42496K, used 7665K [0x00000000c3e00000, 0x00000000c6780000, 0x00000000ebf80000)
  object space 42496K, 18% used [0x00000000c3e00000,0x00000000c457c570,0x00000000c6780000)
 Metaspace       used 9829K, capacity 10044K, committed 10112K, reserved 1058816K
  class space    used 1061K, capacity 1133K, committed 1152K, reserved 1048576K
}
Event: 9,395 GC heap before
{Heap before GC invocations=6 (full 0):
 PSYoungGen      total 66048K, used 66025K [0x00000000ebf80000, 0x00000000f4980000, 0x0000000100000000)
  eden space 63488K, 100% used [0x00000000ebf80000,0x00000000efd80000,0x00000000efd80000)
  from space 2560K, 99% used [0x00000000efd80000,0x00000000efffa490,0x00000000f0000000)
  to   space 7168K, 0% used [0x00000000f4280000,0x00000000f4280000,0x00000000f4980000)
 ParOldGen       total 42496K, used 7665K [0x00000000c3e00000, 0x00000000c6780000, 0x00000000ebf80000)
  object space 42496K, 18% used [0x00000000c3e00000,0x00000000c457c570,0x00000000c6780000)
 Metaspace       used 9831K, capacity 10044K, committed 10112K, reserved 1058816K
  class space    used 1061K, capacity 1133K, committed 1152K, reserved 1048576K
Event: 9,399 GC heap after
Heap after GC invocations=6 (full 0):
 PSYoungGen      total 133120K, used 2586K [0x00000000ebf80000, 0x00000000f4880000, 0x0000000100000000)
  eden space 126976K, 0% used [0x00000000ebf80000,0x00000000ebf80000,0x00000000f3b80000)
  from space 6144K, 42% used [0x00000000f4280000,0x00000000f4506a90,0x00000000f4880000)
  to   space 6656K, 0% used [0x00000000f3b80000,0x00000000f3b80000,0x00000000f4200000)
 ParOldGen       total 42496K, used 7673K [0x00000000c3e00000, 0x00000000c6780000, 0x00000000ebf80000)
  object space 42496K, 18% used [0x00000000c3e00000,0x00000000c457e570,0x00000000c6780000)
 Metaspace       used 9831K, capacity 10044K, committed 10112K, reserved 1058816K
  class space    used 1061K, capacity 1133K, committed 1152K, reserved 1048576K
}
Event: 20,544 GC heap before
{Heap before GC invocations=7 (full 0):
 PSYoungGen      total 133120K, used 129562K [0x00000000ebf80000, 0x00000000f4880000, 0x0000000100000000)
  eden space 126976K, 100% used [0x00000000ebf80000,0x00000000f3b80000,0x00000000f3b80000)
  from space 6144K, 42% used [0x00000000f4280000,0x00000000f4506a90,0x00000000f4880000)
  to   space 6656K, 0% used [0x00000000f3b80000,0x00000000f3b80000,0x00000000f4200000)
 ParOldGen       total 42496K, used 7673K [0x00000000c3e00000, 0x00000000c6780000, 0x00000000ebf80000)
  object space 42496K, 18% used [0x00000000c3e00000,0x00000000c457e570,0x00000000c6780000)
 Metaspace       used 9841K, capacity 10044K, committed 10112K, reserved 1058816K
  class space    used 1061K, capacity 1133K, committed 1152K, reserved 1048576K

