# JRE version: OpenJDK Runtime Environment (8.0_151-b12) (build 1.8.0_151-8u151-b12-0ubuntu0.16.04.2-b12)
# Java VM: OpenJDK 64-Bit Server VM (25.151-b12 mixed mode linux-amd64 compressed oops)
Heap:
 PSYoungGen      total 117248K, used 23552K [0x00000000ebf80000, 0x00000000f6000000, 0x0000000100000000)
  eden space 93696K, 0% used [0x00000000ebf80000,0x00000000ebf80000,0x00000000f1b00000)
  from space 23552K, 100% used [0x00000000f3200000,0x00000000f4900000,0x00000000f4900000)
  to   space 19456K, 0% used [0x00000000f4d00000,0x00000000f4d00000,0x00000000f6000000)
 ParOldGen       total 77312K, used 60614K [0x00000000c3e00000, 0x00000000c8980000, 0x00000000ebf80000)
  object space 77312K, 78% used [0x00000000c3e00000,0x00000000c7931988,0x00000000c8980000)
 Metaspace       used 3640K, capacity 4676K, committed 4864K, reserved 1056768K
  class space    used 395K, capacity 428K, committed 512K, reserved 1048576K
GC Heap History (10 events):
Event: 0,567 GC heap after
Heap after GC invocations=5 (full 0):
 PSYoungGen      total 34304K, used 2528K [0x00000000ebf80000, 0x00000000f1280000, 0x0000000100000000)
  eden space 31744K, 0% used [0x00000000ebf80000,0x00000000ebf80000,0x00000000ede80000)
  from space 2560K, 98% used [0x00000000ede80000,0x00000000ee0f8020,0x00000000ee100000)
  to   space 10752K, 0% used [0x00000000f0800000,0x00000000f0800000,0x00000000f1280000)
 ParOldGen       total 42496K, used 19872K [0x00000000c3e00000, 0x00000000c6780000, 0x00000000ebf80000)
  object space 42496K, 46% used [0x00000000c3e00000,0x00000000c5168000,0x00000000c6780000)
 Metaspace       used 2706K, capacity 4600K, committed 4864K, reserved 1056768K
  class space    used 288K, capacity 424K, committed 512K, reserved 1048576K
}
Event: 0,639 GC heap before
{Heap before GC invocations=6 (full 0):
 PSYoungGen      total 34304K, used 34272K [0x00000000ebf80000, 0x00000000f1280000, 0x0000000100000000)
  eden space 31744K, 100% used [0x00000000ebf80000,0x00000000ede80000,0x00000000ede80000)
  from space 2560K, 98% used [0x00000000ede80000,0x00000000ee0f8020,0x00000000ee100000)
  to   space 10752K, 0% used [0x00000000f0800000,0x00000000f0800000,0x00000000f1280000)
 ParOldGen       total 42496K, used 19872K [0x00000000c3e00000, 0x00000000c6780000, 0x00000000ebf80000)
  object space 42496K, 46% used [0x00000000c3e00000,0x00000000c5168000,0x00000000c6780000)
 Metaspace       used 3572K, capacity 4676K, committed 4864K, reserved 1056768K
  class space    used 392K, capacity 428K, committed 512K, reserved 1048576K
Event: 0,657 GC heap after
Heap after GC invocations=6 (full 0):
 PSYoungGen      total 72704K, used 10336K [0x00000000ebf80000, 0x00000000f1580000, 0x0000000100000000)
  eden space 61952K, 0% used [0x00000000ebf80000,0x00000000ebf80000,0x00000000efc00000)
  from space 10752K, 96% used [0x00000000f0800000,0x00000000f1218020,0x00000000f1280000)
  to   space 12288K, 0% used [0x00000000efc00000,0x00000000efc00000,0x00000000f0800000)
 ParOldGen       total 42496K, used 19872K [0x00000000c3e00000, 0x00000000c6780000, 0x00000000ebf80000)
  object space 42496K, 46% used [0x00000000c3e00000,0x00000000c5168000,0x00000000c6780000)
 Metaspace       used 3572K, capacity 4676K, committed 4864K, reserved 1056768K
  class space    used 392K, capacity 428K, committed 512K, reserved 1048576K
}
Event: 0,721 GC heap before
{Heap before GC invocations=7 (full 0):
 PSYoungGen      total 72704K, used 72288K [0x00000000ebf80000, 0x00000000f1580000, 0x0000000100000000)
  eden space 61952K, 100% used [0x00000000ebf80000,0x00000000efc00000,0x00000000efc00000)
  from space 10752K, 96% used [0x00000000f0800000,0x00000000f1218020,0x00000000f1280000)
  to   space 12288K, 0% used [0x00000000efc00000,0x00000000efc00000,0x00000000f0800000)
 ParOldGen       total 42496K, used 19872K [0x00000000c3e00000, 0x00000000c6780000, 0x00000000ebf80000)
  object space 42496K, 46% used [0x00000000c3e00000,0x00000000c5168000,0x00000000c6780000)
 Metaspace       used 3577K, capacity 4676K, committed 4864K, reserved 1056768K
  class space    used 392K, capacity 428K, committed 512K, reserved 1048576K
Event: 0,765 GC heap after
Heap after GC invocations=7 (full 0):
 PSYoungGen      total 74240K, used 12288K [0x00000000ebf80000, 0x00000000f6180000, 0x0000000100000000)
  eden space 61952K, 0% used [0x00000000ebf80000,0x00000000ebf80000,0x00000000efc00000)
  from space 12288K, 100% used [0x00000000efc00000,0x00000000f0800000,0x00000000f0800000)
  to   space 20992K, 0% used [0x00000000f4d00000,0x00000000f4d00000,0x00000000f6180000)
 ParOldGen       total 42496K, used 32907K [0x00000000c3e00000, 0x00000000c6780000, 0x00000000ebf80000)
  object space 42496K, 77% used [0x00000000c3e00000,0x00000000c5e22e50,0x00000000c6780000)
 Metaspace       used 3577K, capacity 4676K, committed 4864K, reserved 1056768K
  class space    used 392K, capacity 428K, committed 512K, reserved 1048576K
}
Event: 0,765 GC heap before
{Heap before GC invocations=8 (full 1):
 PSYoungGen      total 74240K, used 12288K [0x00000000ebf80000, 0x00000000f6180000, 0x0000000100000000)
  eden space 61952K, 0% used [0x00000000ebf80000,0x00000000ebf80000,0x00000000efc00000)
  from space 12288K, 100% used [0x00000000efc00000,0x00000000f0800000,0x00000000f0800000)
  to   space 20992K, 0% used [0x00000000f4d00000,0x00000000f4d00000,0x00000000f6180000)
 ParOldGen       total 42496K, used 32907K [0x00000000c3e00000, 0x00000000c6780000, 0x00000000ebf80000)
  object space 42496K, 77% used [0x00000000c3e00000,0x00000000c5e22e50,0x00000000c6780000)
 Metaspace       used 3577K, capacity 4676K, committed 4864K, reserved 1056768K
  class space    used 392K, capacity 428K, committed 512K, reserved 1048576K
Event: 0,995 GC heap after
Heap after GC invocations=8 (full 1):
 PSYoungGen      total 74240K, used 2557K [0x00000000ebf80000, 0x00000000f6180000, 0x0000000100000000)
  eden space 61952K, 0% used [0x00000000ebf80000,0x00000000ebf80000,0x00000000efc00000)
  from space 12288K, 20% used [0x00000000efc00000,0x00000000efe7f6c0,0x00000000f0800000)
  to   space 20992K, 0% used [0x00000000f4d00000,0x00000000f4d00000,0x00000000f6180000)
 ParOldGen       total 77312K, used 42374K [0x00000000c3e00000, 0x00000000c8980000, 0x00000000ebf80000)
  object space 77312K, 54% used [0x00000000c3e00000,0x00000000c6761ae8,0x00000000c8980000)
 Metaspace       used 3577K, capacity 4676K, committed 4864K, reserved 1056768K
  class space    used 392K, capacity 428K, committed 512K, reserved 1048576K
}
Event: 1,066 GC heap before
{Heap before GC invocations=9 (full 1):
 PSYoungGen      total 74240K, used 64509K [0x00000000ebf80000, 0x00000000f6180000, 0x0000000100000000)
  eden space 61952K, 100% used [0x00000000ebf80000,0x00000000efc00000,0x00000000efc00000)
  from space 12288K, 20% used [0x00000000efc00000,0x00000000efe7f6c0,0x00000000f0800000)
  to   space 20992K, 0% used [0x00000000f4d00000,0x00000000f4d00000,0x00000000f6180000)
 ParOldGen       total 77312K, used 42374K [0x00000000c3e00000, 0x00000000c8980000, 0x00000000ebf80000)
  object space 77312K, 54% used [0x00000000c3e00000,0x00000000c6761ae8,0x00000000c8980000)
 Metaspace       used 3639K, capacity 4676K, committed 4864K, reserved 1056768K
  class space    used 395K, capacity 428K, committed 512K, reserved 1048576K
Event: 1,087 GC heap after
Heap after GC invocations=9 (full 1):
 PSYoungGen      total 113152K, used 19168K [0x00000000ebf80000, 0x00000000f6000000, 0x0000000100000000)
  eden space 93696K, 0% used [0x00000000ebf80000,0x00000000ebf80000,0x00000000f1b00000)
  from space 19456K, 98% used [0x00000000f4d00000,0x00000000f5fb8000,0x00000000f6000000)
  to   space 23552K, 0% used [0x00000000f3200000,0x00000000f3200000,0x00000000f4900000)
 ParOldGen       total 77312K, used 42382K [0x00000000c3e00000, 0x00000000c8980000, 0x00000000ebf80000)
  object space 77312K, 54% used [0x00000000c3e00000,0x00000000c6763ae8,0x00000000c8980000)
 Metaspace       used 3639K, capacity 4676K, committed 4864K, reserved 1056768K
  class space    used 395K, capacity 428K, committed 512K, reserved 1048576K
}
Event: 1,144 GC heap before
{Heap before GC invocations=10 (full 1):
 PSYoungGen      total 113152K, used 112864K [0x00000000ebf80000, 0x00000000f6000000, 0x0000000100000000)
  eden space 93696K, 100% used [0x00000000ebf80000,0x00000000f1b00000,0x00000000f1b00000)
  from space 19456K, 98% used [0x00000000f4d00000,0x00000000f5fb8000,0x00000000f6000000)
  to   space 23552K, 0% used [0x00000000f3200000,0x00000000f3200000,0x00000000f4900000)
 ParOldGen       total 77312K, used 42382K [0x00000000c3e00000, 0x00000000c8980000, 0x00000000ebf80000)
  object space 77312K, 54% used [0x00000000c3e00000,0x00000000c6763ae8,0x00000000c8980000)
 Metaspace       used 3640K, capacity 4676K, committed 4864K, reserved 1056768K
  class space    used 395K, capacity 428K, committed 512K, reserved 1048576K

