# JRE version: OpenJDK Runtime Environment (8.0_151-b12) (build 1.8.0_151-8u151-b12-0ubuntu0.16.04.2-b12)
# Java VM: OpenJDK 64-Bit Server VM (25.151-b12 mixed mode linux-amd64 compressed oops)
Heap:
 PSYoungGen      total 139264K, used 1888K [0x00000000ebf80000, 0x00000000f5380000, 0x0000000100000000)
  eden space 126976K, 0% used [0x00000000ebf80000,0x00000000ebf80000,0x00000000f3b80000)
  from space 12288K, 15% used [0x00000000f3b80000,0x00000000f3d58000,0x00000000f4780000)
  to   space 12288K, 0% used [0x00000000f4780000,0x00000000f4780000,0x00000000f5380000)
 ParOldGen       total 42496K, used 20544K [0x00000000c3e00000, 0x00000000c6780000, 0x00000000ebf80000)
  object space 42496K, 48% used [0x00000000c3e00000,0x00000000c52101d0,0x00000000c6780000)
 Metaspace       used 9818K, capacity 10044K, committed 10112K, reserved 1058816K
  class space    used 1061K, capacity 1133K, committed 1152K, reserved 1048576K
GC Heap History (10 events):
Event: 0,312 GC heap after
Heap after GC invocations=2 (full 0):
 PSYoungGen      total 34304K, used 2533K [0x00000000ebf80000, 0x00000000ee380000, 0x0000000100000000)
  eden space 31744K, 0% used [0x00000000ebf80000,0x00000000ebf80000,0x00000000ede80000)
  from space 2560K, 98% used [0x00000000ee100000,0x00000000ee379500,0x00000000ee380000)
  to   space 2560K, 0% used [0x00000000ede80000,0x00000000ede80000,0x00000000ee100000)
 ParOldGen       total 42496K, used 5536K [0x00000000c3e00000, 0x00000000c6780000, 0x00000000ebf80000)
  object space 42496K, 13% used [0x00000000c3e00000,0x00000000c4368000,0x00000000c6780000)
 Metaspace       used 3932K, capacity 4618K, committed 4864K, reserved 1056768K
  class space    used 414K, capacity 437K, committed 512K, reserved 1048576K
}
Event: 0,376 GC heap before
{Heap before GC invocations=3 (full 0):
 PSYoungGen      total 34304K, used 34277K [0x00000000ebf80000, 0x00000000ee380000, 0x0000000100000000)
  eden space 31744K, 100% used [0x00000000ebf80000,0x00000000ede80000,0x00000000ede80000)
  from space 2560K, 98% used [0x00000000ee100000,0x00000000ee379500,0x00000000ee380000)
  to   space 2560K, 0% used [0x00000000ede80000,0x00000000ede80000,0x00000000ee100000)
 ParOldGen       total 42496K, used 5536K [0x00000000c3e00000, 0x00000000c6780000, 0x00000000ebf80000)
  object space 42496K, 13% used [0x00000000c3e00000,0x00000000c4368000,0x00000000c6780000)
 Metaspace       used 4248K, capacity 4774K, committed 4992K, reserved 1056768K
  class space    used 467K, capacity 531K, committed 640K, reserved 1048576K
Event: 0,388 GC heap after
Heap after GC invocations=3 (full 0):
 PSYoungGen      total 34304K, used 2542K [0x00000000ebf80000, 0x00000000f0280000, 0x0000000100000000)
  eden space 31744K, 0% used [0x00000000ebf80000,0x00000000ebf80000,0x00000000ede80000)
  from space 2560K, 99% used [0x00000000ede80000,0x00000000ee0fb8c0,0x00000000ee100000)
  to   space 2560K, 0% used [0x00000000f0000000,0x00000000f0000000,0x00000000f0280000)
 ParOldGen       total 42496K, used 12544K [0x00000000c3e00000, 0x00000000c6780000, 0x00000000ebf80000)
  object space 42496K, 29% used [0x00000000c3e00000,0x00000000c4a40370,0x00000000c6780000)
 Metaspace       used 4248K, capacity 4774K, committed 4992K, reserved 1056768K
  class space    used 467K, capacity 531K, committed 640K, reserved 1048576K
}
Event: 0,893 GC heap before
{Heap before GC invocations=4 (full 0):
 PSYoungGen      total 34304K, used 34286K [0x00000000ebf80000, 0x00000000f0280000, 0x0000000100000000)
  eden space 31744K, 100% used [0x00000000ebf80000,0x00000000ede80000,0x00000000ede80000)
  from space 2560K, 99% used [0x00000000ede80000,0x00000000ee0fb8c0,0x00000000ee100000)
  to   space 2560K, 0% used [0x00000000f0000000,0x00000000f0000000,0x00000000f0280000)
 ParOldGen       total 42496K, used 12544K [0x00000000c3e00000, 0x00000000c6780000, 0x00000000ebf80000)
  object space 42496K, 29% used [0x00000000c3e00000,0x00000000c4a40370,0x00000000c6780000)
 Metaspace       used 9559K, capacity 9788K, committed 9856K, reserved 1058816K
  class space    used 1060K, capacity 1133K, committed 1152K, reserved 1048576K
Event: 0,907 GC heap after
Heap after GC invocations=4 (full 0):
 PSYoungGen      total 66048K, used 2535K [0x00000000ebf80000, 0x00000000f0280000, 0x0000000100000000)
  eden space 63488K, 0% used [0x00000000ebf80000,0x00000000ebf80000,0x00000000efd80000)
  from space 2560K, 99% used [0x00000000f0000000,0x00000000f0279c50,0x00000000f0280000)
  to   space 2560K, 0% used [0x00000000efd80000,0x00000000efd80000,0x00000000f0000000)
 ParOldGen       total 42496K, used 19737K [0x00000000c3e00000, 0x00000000c6780000, 0x00000000ebf80000)
  object space 42496K, 46% used [0x00000000c3e00000,0x00000000c5146580,0x00000000c6780000)
 Metaspace       used 9559K, capacity 9788K, committed 9856K, reserved 1058816K
  class space    used 1060K, capacity 1133K, committed 1152K, reserved 1048576K
}
Event: 3,657 GC heap before
{Heap before GC invocations=5 (full 0):
 PSYoungGen      total 66048K, used 66023K [0x00000000ebf80000, 0x00000000f0280000, 0x0000000100000000)
  eden space 63488K, 100% used [0x00000000ebf80000,0x00000000efd80000,0x00000000efd80000)
  from space 2560K, 99% used [0x00000000f0000000,0x00000000f0279c50,0x00000000f0280000)
  to   space 2560K, 0% used [0x00000000efd80000,0x00000000efd80000,0x00000000f0000000)
 ParOldGen       total 42496K, used 19737K [0x00000000c3e00000, 0x00000000c6780000, 0x00000000ebf80000)
  object space 42496K, 46% used [0x00000000c3e00000,0x00000000c5146580,0x00000000c6780000)
 Metaspace       used 9799K, capacity 9980K, committed 10112K, reserved 1058816K
  class space    used 1060K, capacity 1133K, committed 1152K, reserved 1048576K
Event: 3,670 GC heap after
Heap after GC invocations=5 (full 0):
 PSYoungGen      total 66048K, used 2535K [0x00000000ebf80000, 0x00000000f5380000, 0x0000000100000000)
  eden space 63488K, 0% used [0x00000000ebf80000,0x00000000ebf80000,0x00000000efd80000)
  from space 2560K, 99% used [0x00000000efd80000,0x00000000efff9c50,0x00000000f0000000)
  to   space 12288K, 0% used [0x00000000f4780000,0x00000000f4780000,0x00000000f5380000)
 ParOldGen       total 42496K, used 19793K [0x00000000c3e00000, 0x00000000c6780000, 0x00000000ebf80000)
  object space 42496K, 46% used [0x00000000c3e00000,0x00000000c5154580,0x00000000c6780000)
 Metaspace       used 9799K, capacity 9980K, committed 10112K, reserved 1058816K
  class space    used 1060K, capacity 1133K, committed 1152K, reserved 1048576K
}
Event: 6,977 GC heap before
{Heap before GC invocations=6 (full 0):
 PSYoungGen      total 66048K, used 66023K [0x00000000ebf80000, 0x00000000f5380000, 0x0000000100000000)
  eden space 63488K, 100% used [0x00000000ebf80000,0x00000000efd80000,0x00000000efd80000)
  from space 2560K, 99% used [0x00000000efd80000,0x00000000efff9c50,0x00000000f0000000)
  to   space 12288K, 0% used [0x00000000f4780000,0x00000000f4780000,0x00000000f5380000)
 ParOldGen       total 42496K, used 19793K [0x00000000c3e00000, 0x00000000c6780000, 0x00000000ebf80000)
  object space 42496K, 46% used [0x00000000c3e00000,0x00000000c5154580,0x00000000c6780000)
 Metaspace       used 9812K, capacity 10044K, committed 10112K, reserved 1058816K
  class space    used 1060K, capacity 1133K, committed 1152K, reserved 1048576K
Event: 6,992 GC heap after
Heap after GC invocations=6 (full 0):
 PSYoungGen      total 139264K, used 2599K [0x00000000ebf80000, 0x00000000f5380000, 0x0000000100000000)
  eden space 126976K, 0% used [0x00000000ebf80000,0x00000000ebf80000,0x00000000f3b80000)
  from space 12288K, 21% used [0x00000000f4780000,0x00000000f4a09c50,0x00000000f5380000)
  to   space 12288K, 0% used [0x00000000f3b80000,0x00000000f3b80000,0x00000000f4780000)
 ParOldGen       total 42496K, used 19801K [0x00000000c3e00000, 0x00000000c6780000, 0x00000000ebf80000)
  object space 42496K, 46% used [0x00000000c3e00000,0x00000000c5156580,0x00000000c6780000)
 Metaspace       used 9812K, capacity 10044K, committed 10112K, reserved 1058816K
  class space    used 1060K, capacity 1133K, committed 1152K, reserved 1048576K
}
Event: 14,473 GC heap before
{Heap before GC invocations=7 (full 0):
 PSYoungGen      total 139264K, used 129575K [0x00000000ebf80000, 0x00000000f5380000, 0x0000000100000000)
  eden space 126976K, 100% used [0x00000000ebf80000,0x00000000f3b80000,0x00000000f3b80000)
  from space 12288K, 21% used [0x00000000f4780000,0x00000000f4a09c50,0x00000000f5380000)
  to   space 12288K, 0% used [0x00000000f3b80000,0x00000000f3b80000,0x00000000f4780000)
 ParOldGen       total 42496K, used 19801K [0x00000000c3e00000, 0x00000000c6780000, 0x00000000ebf80000)
  object space 42496K, 46% used [0x00000000c3e00000,0x00000000c5156580,0x00000000c6780000)
 Metaspace       used 9818K, capacity 10044K, committed 10112K, reserved 1058816K
  class space    used 1061K, capacity 1133K, committed 1152K, reserved 1048576K

