# JRE version: OpenJDK Runtime Environment (8.0_151-b12) (build 1.8.0_151-8u151-b12-0ubuntu0.16.04.2-b12)
# Java VM: OpenJDK 64-Bit Server VM (25.151-b12 mixed mode linux-amd64 compressed oops)
Heap:
 PSYoungGen      total 113152K, used 26112K [0x00000000ebf80000, 0x00000000f6180000, 0x0000000100000000)
  eden space 87040K, 0% used [0x00000000ebf80000,0x00000000ebf80000,0x00000000f1480000)
  from space 26112K, 100% used [0x00000000f2e80000,0x00000000f4800000,0x00000000f4800000)
  to   space 19456K, 0% used [0x00000000f4e80000,0x00000000f4e80000,0x00000000f6180000)
 ParOldGen       total 79360K, used 57224K [0x00000000c3e00000, 0x00000000c8b80000, 0x00000000ebf80000)
  object space 79360K, 72% used [0x00000000c3e00000,0x00000000c75e2140,0x00000000c8b80000)
 Metaspace       used 3583K, capacity 4676K, committed 4864K, reserved 1056768K
  class space    used 392K, capacity 428K, committed 512K, reserved 1048576K
GC Heap History (10 events):
Event: 0,188 GC heap after
Heap after GC invocations=3 (full 0):
 PSYoungGen      total 34304K, used 2544K [0x00000000ebf80000, 0x00000000f0280000, 0x0000000100000000)
  eden space 31744K, 0% used [0x00000000ebf80000,0x00000000ebf80000,0x00000000ede80000)
  from space 2560K, 99% used [0x00000000ede80000,0x00000000ee0fc010,0x00000000ee100000)
  to   space 2560K, 0% used [0x00000000f0000000,0x00000000f0000000,0x00000000f0280000)
 ParOldGen       total 42496K, used 12040K [0x00000000c3e00000, 0x00000000c6780000, 0x00000000ebf80000)
  object space 42496K, 28% used [0x00000000c3e00000,0x00000000c49c2000,0x00000000c6780000)
 Metaspace       used 2706K, capacity 4600K, committed 4864K, reserved 1056768K
  class space    used 288K, capacity 424K, committed 512K, reserved 1048576K
}
Event: 0,208 GC heap before
{Heap before GC invocations=4 (full 0):
 PSYoungGen      total 34304K, used 34288K [0x00000000ebf80000, 0x00000000f0280000, 0x0000000100000000)
  eden space 31744K, 100% used [0x00000000ebf80000,0x00000000ede80000,0x00000000ede80000)
  from space 2560K, 99% used [0x00000000ede80000,0x00000000ee0fc010,0x00000000ee100000)
  to   space 2560K, 0% used [0x00000000f0000000,0x00000000f0000000,0x00000000f0280000)
 ParOldGen       total 42496K, used 12040K [0x00000000c3e00000, 0x00000000c6780000, 0x00000000ebf80000)
  object space 42496K, 28% used [0x00000000c3e00000,0x00000000c49c2000,0x00000000c6780000)
 Metaspace       used 2706K, capacity 4600K, committed 4864K, reserved 1056768K
  class space    used 288K, capacity 424K, committed 512K, reserved 1048576K
Event: 0,221 GC heap after
Heap after GC invocations=4 (full 0):
 PSYoungGen      total 66048K, used 2528K [0x00000000ebf80000, 0x00000000f0280000, 0x0000000100000000)
  eden space 63488K, 0% used [0x00000000ebf80000,0x00000000ebf80000,0x00000000efd80000)
  from space 2560K, 98% used [0x00000000f0000000,0x00000000f0278020,0x00000000f0280000)
  to   space 2560K, 0% used [0x00000000efd80000,0x00000000efd80000,0x00000000f0000000)
 ParOldGen       total 42496K, used 19832K [0x00000000c3e00000, 0x00000000c6780000, 0x00000000ebf80000)
  object space 42496K, 46% used [0x00000000c3e00000,0x00000000c515e000,0x00000000c6780000)
 Metaspace       used 2706K, capacity 4600K, committed 4864K, reserved 1056768K
  class space    used 288K, capacity 424K, committed 512K, reserved 1048576K
}
Event: 0,422 GC heap before
{Heap before GC invocations=5 (full 0):
 PSYoungGen      total 66048K, used 66016K [0x00000000ebf80000, 0x00000000f0280000, 0x0000000100000000)
  eden space 63488K, 100% used [0x00000000ebf80000,0x00000000efd80000,0x00000000efd80000)
  from space 2560K, 98% used [0x00000000f0000000,0x00000000f0278020,0x00000000f0280000)
  to   space 2560K, 0% used [0x00000000efd80000,0x00000000efd80000,0x00000000f0000000)
 ParOldGen       total 42496K, used 19832K [0x00000000c3e00000, 0x00000000c6780000, 0x00000000ebf80000)
  object space 42496K, 46% used [0x00000000c3e00000,0x00000000c515e000,0x00000000c6780000)
 Metaspace       used 3573K, capacity 4676K, committed 4864K, reserved 1056768K
  class space    used 392K, capacity 428K, committed 512K, reserved 1048576K
Event: 0,457 GC heap after
Heap after GC invocations=5 (full 0):
 PSYoungGen      total 66048K, used 2528K [0x00000000ebf80000, 0x00000000f6180000, 0x0000000100000000)
  eden space 63488K, 0% used [0x00000000ebf80000,0x00000000ebf80000,0x00000000efd80000)
  from space 2560K, 98% used [0x00000000efd80000,0x00000000efff8020,0x00000000f0000000)
  to   space 19456K, 0% used [0x00000000f4e80000,0x00000000f4e80000,0x00000000f6180000)
 ParOldGen       total 42496K, used 35322K [0x00000000c3e00000, 0x00000000c6780000, 0x00000000ebf80000)
  object space 42496K, 83% used [0x00000000c3e00000,0x00000000c607ea70,0x00000000c6780000)
 Metaspace       used 3573K, capacity 4676K, committed 4864K, reserved 1056768K
  class space    used 392K, capacity 428K, committed 512K, reserved 1048576K
}
Event: 0,457 GC heap before
{Heap before GC invocations=6 (full 1):
 PSYoungGen      total 66048K, used 2528K [0x00000000ebf80000, 0x00000000f6180000, 0x0000000100000000)
  eden space 63488K, 0% used [0x00000000ebf80000,0x00000000ebf80000,0x00000000efd80000)
  from space 2560K, 98% used [0x00000000efd80000,0x00000000efff8020,0x00000000f0000000)
  to   space 19456K, 0% used [0x00000000f4e80000,0x00000000f4e80000,0x00000000f6180000)
 ParOldGen       total 42496K, used 35322K [0x00000000c3e00000, 0x00000000c6780000, 0x00000000ebf80000)
  object space 42496K, 83% used [0x00000000c3e00000,0x00000000c607ea70,0x00000000c6780000)
 Metaspace       used 3573K, capacity 4676K, committed 4864K, reserved 1056768K
  class space    used 392K, capacity 428K, committed 512K, reserved 1048576K
Event: 0,715 GC heap after
Heap after GC invocations=6 (full 1):
 PSYoungGen      total 66048K, used 0K [0x00000000ebf80000, 0x00000000f6180000, 0x0000000100000000)
  eden space 63488K, 0% used [0x00000000ebf80000,0x00000000ebf80000,0x00000000efd80000)
  from space 2560K, 0% used [0x00000000efd80000,0x00000000efd80000,0x00000000f0000000)
  to   space 19456K, 0% used [0x00000000f4e80000,0x00000000f4e80000,0x00000000f6180000)
 ParOldGen       total 79360K, used 37584K [0x00000000c3e00000, 0x00000000c8b80000, 0x00000000ebf80000)
  object space 79360K, 47% used [0x00000000c3e00000,0x00000000c62b42a0,0x00000000c8b80000)
 Metaspace       used 3573K, capacity 4676K, committed 4864K, reserved 1056768K
  class space    used 392K, capacity 428K, committed 512K, reserved 1048576K
}
Event: 0,757 GC heap before
{Heap before GC invocations=7 (full 1):
 PSYoungGen      total 66048K, used 63488K [0x00000000ebf80000, 0x00000000f6180000, 0x0000000100000000)
  eden space 63488K, 100% used [0x00000000ebf80000,0x00000000efd80000,0x00000000efd80000)
  from space 2560K, 0% used [0x00000000efd80000,0x00000000efd80000,0x00000000f0000000)
  to   space 19456K, 0% used [0x00000000f4e80000,0x00000000f4e80000,0x00000000f6180000)
 ParOldGen       total 79360K, used 37584K [0x00000000c3e00000, 0x00000000c8b80000, 0x00000000ebf80000)
  object space 79360K, 47% used [0x00000000c3e00000,0x00000000c62b42a0,0x00000000c8b80000)
 Metaspace       used 3583K, capacity 4676K, committed 4864K, reserved 1056768K
  class space    used 392K, capacity 428K, committed 512K, reserved 1048576K
Event: 0,774 GC heap after
Heap after GC invocations=7 (full 1):
 PSYoungGen      total 106496K, used 19456K [0x00000000ebf80000, 0x00000000f6180000, 0x0000000100000000)
  eden space 87040K, 0% used [0x00000000ebf80000,0x00000000ebf80000,0x00000000f1480000)
  from space 19456K, 100% used [0x00000000f4e80000,0x00000000f6180000,0x00000000f6180000)
  to   space 26112K, 0% used [0x00000000f2e80000,0x00000000f2e80000,0x00000000f4800000)
 ParOldGen       total 79360K, used 42696K [0x00000000c3e00000, 0x00000000c8b80000, 0x00000000ebf80000)
  object space 79360K, 53% used [0x00000000c3e00000,0x00000000c67b2140,0x00000000c8b80000)
 Metaspace       used 3583K, capacity 4676K, committed 4864K, reserved 1056768K
  class space    used 392K, capacity 428K, committed 512K, reserved 1048576K
}
Event: 0,828 GC heap before
{Heap before GC invocations=8 (full 1):
 PSYoungGen      total 106496K, used 106496K [0x00000000ebf80000, 0x00000000f6180000, 0x0000000100000000)
  eden space 87040K, 100% used [0x00000000ebf80000,0x00000000f1480000,0x00000000f1480000)
  from space 19456K, 100% used [0x00000000f4e80000,0x00000000f6180000,0x00000000f6180000)
  to   space 26112K, 0% used [0x00000000f2e80000,0x00000000f2e80000,0x00000000f4800000)
 ParOldGen       total 79360K, used 42696K [0x00000000c3e00000, 0x00000000c8b80000, 0x00000000ebf80000)
  object space 79360K, 53% used [0x00000000c3e00000,0x00000000c67b2140,0x00000000c8b80000)
 Metaspace       used 3583K, capacity 4676K, committed 4864K, reserved 1056768K
  class space    used 392K, capacity 428K, committed 512K, reserved 1048576K

