# JRE version: OpenJDK Runtime Environment (8.0_151-b12) (build 1.8.0_151-8u151-b12-0ubuntu0.16.04.2-b12)
# Java VM: OpenJDK 64-Bit Server VM (25.151-b12 mixed mode linux-amd64 compressed oops)
Heap:
 PSYoungGen      total 133632K, used 256K [0x00000000ebf80000, 0x00000000f4880000, 0x0000000100000000)
  eden space 126976K, 0% used [0x00000000ebf80000,0x00000000ebf80000,0x00000000f3b80000)
  from space 6656K, 3% used [0x00000000f3b80000,0x00000000f3bc0000,0x00000000f4200000)
  to   space 6656K, 0% used [0x00000000f4200000,0x00000000f4200000,0x00000000f4880000)
 ParOldGen       total 42496K, used 7431K [0x00000000c3e00000, 0x00000000c6780000, 0x00000000ebf80000)
  object space 42496K, 17% used [0x00000000c3e00000,0x00000000c4541fd8,0x00000000c6780000)
 Metaspace       used 9754K, capacity 9964K, committed 10112K, reserved 1058816K
  class space    used 1055K, capacity 1133K, committed 1152K, reserved 1048576K
GC Heap History (10 events):
Event: 0,567 GC heap after
Heap after GC invocations=2 (full 0):
 PSYoungGen      total 34304K, used 2532K [0x00000000ebf80000, 0x00000000ee380000, 0x0000000100000000)
  eden space 31744K, 0% used [0x00000000ebf80000,0x00000000ebf80000,0x00000000ede80000)
  from space 2560K, 98% used [0x00000000ee100000,0x00000000ee379040,0x00000000ee380000)
  to   space 2560K, 0% used [0x00000000ede80000,0x00000000ede80000,0x00000000ee100000)
 ParOldGen       total 42496K, used 4768K [0x00000000c3e00000, 0x00000000c6780000, 0x00000000ebf80000)
  object space 42496K, 11% used [0x00000000c3e00000,0x00000000c42a8000,0x00000000c6780000)
 Metaspace       used 8210K, capacity 8384K, committed 8448K, reserved 1056768K
  class space    used 900K, capacity 969K, committed 1024K, reserved 1048576K
}
Event: 1,937 GC heap before
{Heap before GC invocations=3 (full 0):
 PSYoungGen      total 34304K, used 34276K [0x00000000ebf80000, 0x00000000ee380000, 0x0000000100000000)
  eden space 31744K, 100% used [0x00000000ebf80000,0x00000000ede80000,0x00000000ede80000)
  from space 2560K, 98% used [0x00000000ee100000,0x00000000ee379040,0x00000000ee380000)
  to   space 2560K, 0% used [0x00000000ede80000,0x00000000ede80000,0x00000000ee100000)
 ParOldGen       total 42496K, used 4768K [0x00000000c3e00000, 0x00000000c6780000, 0x00000000ebf80000)
  object space 42496K, 11% used [0x00000000c3e00000,0x00000000c42a8000,0x00000000c6780000)
 Metaspace       used 9605K, capacity 9836K, committed 9856K, reserved 1058816K
  class space    used 1054K, capacity 1133K, committed 1152K, reserved 1048576K
Event: 1,945 GC heap after
Heap after GC invocations=3 (full 0):
 PSYoungGen      total 34304K, used 2544K [0x00000000ebf80000, 0x00000000f0280000, 0x0000000100000000)
  eden space 31744K, 0% used [0x00000000ebf80000,0x00000000ebf80000,0x00000000ede80000)
  from space 2560K, 99% used [0x00000000ede80000,0x00000000ee0fc010,0x00000000ee100000)
  to   space 2560K, 0% used [0x00000000f0000000,0x00000000f0000000,0x00000000f0280000)
 ParOldGen       total 42496K, used 4994K [0x00000000c3e00000, 0x00000000c6780000, 0x00000000ebf80000)
  object space 42496K, 11% used [0x00000000c3e00000,0x00000000c42e0bd0,0x00000000c6780000)
 Metaspace       used 9605K, capacity 9836K, committed 9856K, reserved 1058816K
  class space    used 1054K, capacity 1133K, committed 1152K, reserved 1048576K
}
Event: 3,350 GC heap before
{Heap before GC invocations=4 (full 0):
 PSYoungGen      total 34304K, used 34288K [0x00000000ebf80000, 0x00000000f0280000, 0x0000000100000000)
  eden space 31744K, 100% used [0x00000000ebf80000,0x00000000ede80000,0x00000000ede80000)
  from space 2560K, 99% used [0x00000000ede80000,0x00000000ee0fc010,0x00000000ee100000)
  to   space 2560K, 0% used [0x00000000f0000000,0x00000000f0000000,0x00000000f0280000)
 ParOldGen       total 42496K, used 4994K [0x00000000c3e00000, 0x00000000c6780000, 0x00000000ebf80000)
  object space 42496K, 11% used [0x00000000c3e00000,0x00000000c42e0bd0,0x00000000c6780000)
 Metaspace       used 9723K, capacity 9964K, committed 10112K, reserved 1058816K
  class space    used 1054K, capacity 1133K, committed 1152K, reserved 1048576K
Event: 3,354 GC heap after
Heap after GC invocations=4 (full 0):
 PSYoungGen      total 66048K, used 2530K [0x00000000ebf80000, 0x00000000f0280000, 0x0000000100000000)
  eden space 63488K, 0% used [0x00000000ebf80000,0x00000000ebf80000,0x00000000efd80000)
  from space 2560K, 98% used [0x00000000f0000000,0x00000000f0278830,0x00000000f0280000)
  to   space 2560K, 0% used [0x00000000efd80000,0x00000000efd80000,0x00000000f0000000)
 ParOldGen       total 42496K, used 5058K [0x00000000c3e00000, 0x00000000c6780000, 0x00000000ebf80000)
  object space 42496K, 11% used [0x00000000c3e00000,0x00000000c42f0bd0,0x00000000c6780000)
 Metaspace       used 9723K, capacity 9964K, committed 10112K, reserved 1058816K
  class space    used 1054K, capacity 1133K, committed 1152K, reserved 1048576K
}
Event: 6,548 GC heap before
{Heap before GC invocations=5 (full 0):
 PSYoungGen      total 66048K, used 66018K [0x00000000ebf80000, 0x00000000f0280000, 0x0000000100000000)
  eden space 63488K, 100% used [0x00000000ebf80000,0x00000000efd80000,0x00000000efd80000)
  from space 2560K, 98% used [0x00000000f0000000,0x00000000f0278830,0x00000000f0280000)
  to   space 2560K, 0% used [0x00000000efd80000,0x00000000efd80000,0x00000000f0000000)
 ParOldGen       total 42496K, used 5058K [0x00000000c3e00000, 0x00000000c6780000, 0x00000000ebf80000)
  object space 42496K, 11% used [0x00000000c3e00000,0x00000000c42f0bd0,0x00000000c6780000)
 Metaspace       used 9740K, capacity 9964K, committed 10112K, reserved 1058816K
  class space    used 1054K, capacity 1133K, committed 1152K, reserved 1048576K
Event: 6,558 GC heap after
Heap after GC invocations=5 (full 0):
 PSYoungGen      total 66048K, used 2530K [0x00000000ebf80000, 0x00000000f4880000, 0x0000000100000000)
  eden space 63488K, 0% used [0x00000000ebf80000,0x00000000ebf80000,0x00000000efd80000)
  from space 2560K, 98% used [0x00000000efd80000,0x00000000efff8830,0x00000000f0000000)
  to   space 6656K, 0% used [0x00000000f4200000,0x00000000f4200000,0x00000000f4880000)
 ParOldGen       total 42496K, used 5090K [0x00000000c3e00000, 0x00000000c6780000, 0x00000000ebf80000)
  object space 42496K, 11% used [0x00000000c3e00000,0x00000000c42f8bd0,0x00000000c6780000)
 Metaspace       used 9740K, capacity 9964K, committed 10112K, reserved 1058816K
  class space    used 1054K, capacity 1133K, committed 1152K, reserved 1048576K
}
Event: 10,607 GC heap before
{Heap before GC invocations=6 (full 0):
 PSYoungGen      total 66048K, used 66018K [0x00000000ebf80000, 0x00000000f4880000, 0x0000000100000000)
  eden space 63488K, 100% used [0x00000000ebf80000,0x00000000efd80000,0x00000000efd80000)
  from space 2560K, 98% used [0x00000000efd80000,0x00000000efff8830,0x00000000f0000000)
  to   space 6656K, 0% used [0x00000000f4200000,0x00000000f4200000,0x00000000f4880000)
 ParOldGen       total 42496K, used 5090K [0x00000000c3e00000, 0x00000000c6780000, 0x00000000ebf80000)
  object space 42496K, 11% used [0x00000000c3e00000,0x00000000c42f8bd0,0x00000000c6780000)
 Metaspace       used 9742K, capacity 9964K, committed 10112K, reserved 1058816K
  class space    used 1054K, capacity 1133K, committed 1152K, reserved 1048576K
Event: 10,617 GC heap after
Heap after GC invocations=6 (full 0):
 PSYoungGen      total 133632K, used 2546K [0x00000000ebf80000, 0x00000000f4880000, 0x0000000100000000)
  eden space 126976K, 0% used [0x00000000ebf80000,0x00000000ebf80000,0x00000000f3b80000)
  from space 6656K, 38% used [0x00000000f4200000,0x00000000f447c840,0x00000000f4880000)
  to   space 6656K, 0% used [0x00000000f3b80000,0x00000000f3b80000,0x00000000f4200000)
 ParOldGen       total 42496K, used 5098K [0x00000000c3e00000, 0x00000000c6780000, 0x00000000ebf80000)
  object space 42496K, 11% used [0x00000000c3e00000,0x00000000c42fabd0,0x00000000c6780000)
 Metaspace       used 9742K, capacity 9964K, committed 10112K, reserved 1058816K
  class space    used 1054K, capacity 1133K, committed 1152K, reserved 1048576K
}
Event: 23,955 GC heap before
{Heap before GC invocations=7 (full 0):
 PSYoungGen      total 133632K, used 129522K [0x00000000ebf80000, 0x00000000f4880000, 0x0000000100000000)
  eden space 126976K, 100% used [0x00000000ebf80000,0x00000000f3b80000,0x00000000f3b80000)
  from space 6656K, 38% used [0x00000000f4200000,0x00000000f447c840,0x00000000f4880000)
  to   space 6656K, 0% used [0x00000000f3b80000,0x00000000f3b80000,0x00000000f4200000)
 ParOldGen       total 42496K, used 5098K [0x00000000c3e00000, 0x00000000c6780000, 0x00000000ebf80000)
  object space 42496K, 11% used [0x00000000c3e00000,0x00000000c42fabd0,0x00000000c6780000)
 Metaspace       used 9754K, capacity 9964K, committed 10112K, reserved 1058816K
  class space    used 1055K, capacity 1133K, committed 1152K, reserved 1048576K

